<?xml version="1.0" encoding="utf-8"?><testsuites><testsuite name="pytest" errors="0" failures="0" skipped="0" tests="22" time="37.190" timestamp="2023-11-28T14:15:07.360450" hostname="DOHLTTUM2008806"><testcase classname="tests.test_alert_ewma" name="test_alert_ewma" time="1.562" /><testcase classname="tests.test_alert_nbinom" name="test_alert_nbinom" time="0.201" /><testcase classname="tests.test_alert_regression" name="test_alert_regression" time="2.019" /><testcase classname="tests.test_alert_serfling" name="test_alert_serfling" time="0.081" /><testcase classname="tests.test_alert_switch" name="test_alert_switch" time="2.703" /><testcase classname="tests.test_change_dates" name="test_change_dates" time="0.003" /><testcase classname="tests.test_classify_trend" name="test_classify_trend" time="2.166" /><testcase classname="tests.test_create_profile" name="test_create_profile" time="0.003" /><testcase classname="tests.test_create_profile" name="test_create_token_profile" time="0.001" /><testcase classname="tests.test_data" name="test_load_simulated_ts" time="0.006" /><testcase classname="tests.test_data" name="test_get_scenario1" time="0.006" /><testcase classname="tests.test_data" name="test_get_scenario2" time="0.009" /><testcase classname="tests.test_data" name="test_load_nssp_stopwords" time="0.003" /><testcase classname="tests.test_get_api_data" name="test_get_api_data_credentials" time="0.554" /><testcase classname="tests.test_get_api_data" name="test_get_api_data_token" time="0.552" /><testcase classname="tests.test_get_api_graph" name="test_get_api_graph_credentials" time="0.333" /><testcase classname="tests.test_get_api_graph" name="test_get_api_graph_token" time="0.343" /><testcase classname="tests.test_get_api_response" name="test_profile_class" time="0.001" /><testcase classname="tests.test_get_api_response" name="test_profile_save" time="0.015" /><testcase classname="tests.test_get_api_response" name="test_get_api_response" time="0.583" /><testcase classname="tests.test_get_essence_data" name="test_get_essence_data" time="0.002" /><testcase classname="tests.test_webscrape_icd" name="test_webscrape_icd_function" time="24.212" /></testsuite></testsuites>